# JRE version: Java(TM) SE Runtime Environment (8.0_241-b07) (build 1.8.0_241-b07)
# Java VM: Java HotSpot(TM) 64-Bit Server VM (25.241-b07 mixed mode windows-amd64 compressed oops)
Heap:
 PSYoungGen      total 297472K, used 264229K [0x00000000eb400000, 0x00000000ffe00000, 0x0000000100000000)
  eden space 259072K, 90% used [0x00000000eb400000,0x00000000f98c7f08,0x00000000fb100000)
  from space 38400K, 78% used [0x00000000fd880000,0x00000000ff5c1528,0x00000000ffe00000)
  to   space 39424K, 0% used [0x00000000fb100000,0x00000000fb100000,0x00000000fd780000)
 ParOldGen       total 134144K, used 63779K [0x00000000c1c00000, 0x00000000c9f00000, 0x00000000eb400000)
  object space 134144K, 47% used [0x00000000c1c00000,0x00000000c5a48da8,0x00000000c9f00000)
 Metaspace       used 64132K, capacity 67478K, committed 68376K, reserved 1107968K
  class space    used 8251K, capacity 8795K, committed 9000K, reserved 1048576K
GC Heap History (10 events):
Event: 5045.400 GC heap before
{Heap before GC invocations=78 (full 4):
 PSYoungGen      total 296960K, used 287281K [0x00000000eb400000, 0x0000000100000000, 0x0000000100000000)
  eden space 256000K, 100% used [0x00000000eb400000,0x00000000fae00000,0x00000000fae00000)
  from space 40960K, 76% used [0x00000000fae00000,0x00000000fcc8c450,0x00000000fd600000)
  to   space 40960K, 0% used [0x00000000fd800000,0x00000000fd800000,0x0000000100000000)
 ParOldGen       total 134144K, used 63118K [0x00000000c1c00000, 0x00000000c9f00000, 0x00000000eb400000)
  object space 134144K, 47% used [0x00000000c1c00000,0x00000000c59a3b88,0x00000000c9f00000)
 Metaspace       used 64132K, capacity 67478K, committed 68376K, reserved 1107968K
  class space    used 8251K, capacity 8795K, committed 9000K, reserved 1048576K
Event: 5045.455 GC heap after
Heap after GC invocations=78 (full 4):
 PSYoungGen      total 297984K, used 31942K [0x00000000eb400000, 0x0000000100000000, 0x0000000100000000)
  eden space 257024K, 0% used [0x00000000eb400000,0x00000000eb400000,0x00000000faf00000)
  from space 40960K, 77% used [0x00000000fd800000,0x00000000ff7318d8,0x0000000100000000)
  to   space 41472K, 0% used [0x00000000faf00000,0x00000000faf00000,0x00000000fd780000)
 ParOldGen       total 134144K, used 63276K [0x00000000c1c00000, 0x00000000c9f00000, 0x00000000eb400000)
  object space 134144K, 47% used [0x00000000c1c00000,0x00000000c59cb010,0x00000000c9f00000)
 Metaspace       used 64132K, capacity 67478K, committed 68376K, reserved 1107968K
  class space    used 8251K, capacity 8795K, committed 9000K, reserved 1048576K
}
Event: 5046.785 GC heap before
{Heap before GC invocations=79 (full 4):
 PSYoungGen      total 297984K, used 288798K [0x00000000eb400000, 0x0000000100000000, 0x0000000100000000)
  eden space 257024K, 99% used [0x00000000eb400000,0x00000000faed6268,0x00000000faf00000)
  from space 40960K, 77% used [0x00000000fd800000,0x00000000ff7318d8,0x0000000100000000)
  to   space 41472K, 0% used [0x00000000faf00000,0x00000000faf00000,0x00000000fd780000)
 ParOldGen       total 134144K, used 63276K [0x00000000c1c00000, 0x00000000c9f00000, 0x00000000eb400000)
  object space 134144K, 47% used [0x00000000c1c00000,0x00000000c59cb010,0x00000000c9f00000)
 Metaspace       used 64132K, capacity 67478K, committed 68376K, reserved 1107968K
  class space    used 8251K, capacity 8795K, committed 9000K, reserved 1048576K
Event: 5046.804 GC heap after
Heap after GC invocations=79 (full 4):
 PSYoungGen      total 298496K, used 31334K [0x00000000eb400000, 0x00000000fff80000, 0x0000000100000000)
  eden space 257024K, 0% used [0x00000000eb400000,0x00000000eb400000,0x00000000faf00000)
  from space 41472K, 75% used [0x00000000faf00000,0x00000000fcd99b40,0x00000000fd780000)
  to   space 40960K, 0% used [0x00000000fd780000,0x00000000fd780000,0x00000000fff80000)
 ParOldGen       total 134144K, used 63433K [0x00000000c1c00000, 0x00000000c9f00000, 0x00000000eb400000)
  object space 134144K, 47% used [0x00000000c1c00000,0x00000000c59f2498,0x00000000c9f00000)
 Metaspace       used 64132K, capacity 67478K, committed 68376K, reserved 1107968K
  class space    used 8251K, capacity 8795K, committed 9000K, reserved 1048576K
}
Event: 5048.786 GC heap before
{Heap before GC invocations=80 (full 4):
 PSYoungGen      total 298496K, used 288295K [0x00000000eb400000, 0x00000000fff80000, 0x0000000100000000)
  eden space 257024K, 99% used [0x00000000eb400000,0x00000000faef0168,0x00000000faf00000)
  from space 41472K, 75% used [0x00000000faf00000,0x00000000fcd99b40,0x00000000fd780000)
  to   space 40960K, 0% used [0x00000000fd780000,0x00000000fd780000,0x00000000fff80000)
 ParOldGen       total 134144K, used 63433K [0x00000000c1c00000, 0x00000000c9f00000, 0x00000000eb400000)
  object space 134144K, 47% used [0x00000000c1c00000,0x00000000c59f2498,0x00000000c9f00000)
 Metaspace       used 64132K, capacity 67478K, committed 68376K, reserved 1107968K
  class space    used 8251K, capacity 8795K, committed 9000K, reserved 1048576K
Event: 5048.838 GC heap after
Heap after GC invocations=80 (full 4):
 PSYoungGen      total 297472K, used 30319K [0x00000000eb400000, 0x00000000ffe80000, 0x0000000100000000)
  eden space 257536K, 0% used [0x00000000eb400000,0x00000000eb400000,0x00000000faf80000)
  from space 39936K, 75% used [0x00000000fd780000,0x00000000ff51be20,0x00000000ffe80000)
  to   space 40448K, 0% used [0x00000000faf80000,0x00000000faf80000,0x00000000fd700000)
 ParOldGen       total 134144K, used 63590K [0x00000000c1c00000, 0x00000000c9f00000, 0x00000000eb400000)
  object space 134144K, 47% used [0x00000000c1c00000,0x00000000c5a19920,0x00000000c9f00000)
 Metaspace       used 64132K, capacity 67478K, committed 68376K, reserved 1107968K
  class space    used 8251K, capacity 8795K, committed 9000K, reserved 1048576K
}
Event: 5050.787 GC heap before
{Heap before GC invocations=81 (full 4):
 PSYoungGen      total 297472K, used 287751K [0x00000000eb400000, 0x00000000ffe80000, 0x0000000100000000)
  eden space 257536K, 99% used [0x00000000eb400000,0x00000000faf65f58,0x00000000faf80000)
  from space 39936K, 75% used [0x00000000fd780000,0x00000000ff51be20,0x00000000ffe80000)
  to   space 40448K, 0% used [0x00000000faf80000,0x00000000faf80000,0x00000000fd700000)
 ParOldGen       total 134144K, used 63590K [0x00000000c1c00000, 0x00000000c9f00000, 0x00000000eb400000)
  object space 134144K, 47% used [0x00000000c1c00000,0x00000000c5a19920,0x00000000c9f00000)
 Metaspace       used 64132K, capacity 67478K, committed 68376K, reserved 1107968K
  class space    used 8251K, capacity 8795K, committed 9000K, reserved 1048576K
Event: 5050.807 GC heap after
Heap after GC invocations=81 (full 4):
 PSYoungGen      total 297984K, used 31122K [0x00000000eb400000, 0x0000000100000000, 0x0000000100000000)
  eden space 257536K, 0% used [0x00000000eb400000,0x00000000eb400000,0x00000000faf80000)
  from space 40448K, 76% used [0x00000000faf80000,0x00000000fcde4970,0x00000000fd700000)
  to   space 40448K, 0% used [0x00000000fd880000,0x00000000fd880000,0x0000000100000000)
 ParOldGen       total 134144K, used 63622K [0x00000000c1c00000, 0x00000000c9f00000, 0x00000000eb400000)
  object space 134144K, 47% used [0x00000000c1c00000,0x00000000c5a21920,0x00000000c9f00000)
 Metaspace       used 64132K, capacity 67478K, committed 68376K, reserved 1107968K
  class space    used 8251K, capacity 8795K, committed 9000K, reserved 1048576K
}
Event: 5052.743 GC heap before
{Heap before GC invocations=82 (full 4):
 PSYoungGen      total 297984K, used 288658K [0x00000000eb400000, 0x0000000100000000, 0x0000000100000000)
  eden space 257536K, 100% used [0x00000000eb400000,0x00000000faf80000,0x00000000faf80000)
  from space 40448K, 76% used [0x00000000faf80000,0x00000000fcde4970,0x00000000fd700000)
  to   space 40448K, 0% used [0x00000000fd880000,0x00000000fd880000,0x0000000100000000)
 ParOldGen       total 134144K, used 63622K [0x00000000c1c00000, 0x00000000c9f00000, 0x00000000eb400000)
  object space 134144K, 47% used [0x00000000c1c00000,0x00000000c5a21920,0x00000000c9f00000)
 Metaspace       used 64132K, capacity 67478K, committed 68376K, reserved 1107968K
  class space    used 8251K, capacity 8795K, committed 9000K, reserved 1048576K
Event: 5052.768 GC heap after
Heap after GC invocations=82 (full 4):
 PSYoungGen      total 297472K, used 29957K [0x00000000eb400000, 0x00000000ffe00000, 0x0000000100000000)
  eden space 259072K, 0% used [0x00000000eb400000,0x00000000eb400000,0x00000000fb100000)
  from space 38400K, 78% used [0x00000000fd880000,0x00000000ff5c1528,0x00000000ffe00000)
  to   space 39424K, 0% used [0x00000000fb100000,0x00000000fb100000,0x00000000fd780000)
 ParOldGen       total 134144K, used 63779K [0x00000000c1c00000, 0x00000000c9f00000, 0x00000000eb400000)
  object space 134144K, 47% used [0x00000000c1c00000,0x00000000c5a48da8,0x00000000c9f00000)
 Metaspace       used 64132K, capacity 67478K, committed 68376K, reserved 1107968K
  class space    used 8251K, capacity 8795K, committed 9000K, reserved 1048576K
}

