# JRE version: Java(TM) SE Runtime Environment (8.0_241-b07) (build 1.8.0_241-b07)
# Java VM: Java HotSpot(TM) 64-Bit Server VM (25.241-b07 mixed mode windows-amd64 compressed oops)
Heap:
 PSYoungGen      total 301568K, used 84806K [0x00000000eb400000, 0x0000000100000000, 0x0000000100000000)
  eden space 264704K, 20% used [0x00000000eb400000,0x00000000eea414d0,0x00000000fb680000)
  from space 36864K, 79% used [0x00000000fb680000,0x00000000fd3106e8,0x00000000fda80000)
  to   space 36864K, 0% used [0x00000000fdc00000,0x00000000fdc00000,0x0000000100000000)
 ParOldGen       total 57856K, used 46806K [0x00000000c1c00000, 0x00000000c5480000, 0x00000000eb400000)
  object space 57856K, 80% used [0x00000000c1c00000,0x00000000c49b5b30,0x00000000c5480000)
 Metaspace       used 62919K, capacity 66367K, committed 66456K, reserved 1107968K
  class space    used 8238K, capacity 8782K, committed 8856K, reserved 1048576K
GC Heap History (10 events):
Event: 6786.206 GC heap before
{Heap before GC invocations=44 (full 3):
 PSYoungGen      total 300032K, used 289915K [0x00000000eb400000, 0x00000000fff00000, 0x0000000100000000)
  eden space 261120K, 99% used [0x00000000eb400000,0x00000000fb2f2460,0x00000000fb300000)
  from space 38912K, 74% used [0x00000000fd900000,0x00000000ff52c7c0,0x00000000fff00000)
  to   space 38912K, 0% used [0x00000000fb300000,0x00000000fb300000,0x00000000fd900000)
 ParOldGen       total 57856K, used 46678K [0x00000000c1c00000, 0x00000000c5480000, 0x00000000eb400000)
  object space 57856K, 80% used [0x00000000c1c00000,0x00000000c4995b30,0x00000000c5480000)
 Metaspace       used 62915K, capacity 66367K, committed 66456K, reserved 1107968K
  class space    used 8238K, capacity 8782K, committed 8856K, reserved 1048576K
Event: 6786.279 GC heap after
Heap after GC invocations=44 (full 3):
 PSYoungGen      total 300032K, used 28817K [0x00000000eb400000, 0x00000000fff00000, 0x0000000100000000)
  eden space 261120K, 0% used [0x00000000eb400000,0x00000000eb400000,0x00000000fb300000)
  from space 38912K, 74% used [0x00000000fb300000,0x00000000fcf247c0,0x00000000fd900000)
  to   space 38400K, 0% used [0x00000000fd980000,0x00000000fd980000,0x00000000fff00000)
 ParOldGen       total 57856K, used 46694K [0x00000000c1c00000, 0x00000000c5480000, 0x00000000eb400000)
  object space 57856K, 80% used [0x00000000c1c00000,0x00000000c4999b30,0x00000000c5480000)
 Metaspace       used 62915K, capacity 66367K, committed 66456K, reserved 1107968K
  class space    used 8238K, capacity 8782K, committed 8856K, reserved 1048576K
}
Event: 6793.052 GC heap before
{Heap before GC invocations=45 (full 3):
 PSYoungGen      total 300032K, used 289937K [0x00000000eb400000, 0x00000000fff00000, 0x0000000100000000)
  eden space 261120K, 100% used [0x00000000eb400000,0x00000000fb300000,0x00000000fb300000)
  from space 38912K, 74% used [0x00000000fb300000,0x00000000fcf247c0,0x00000000fd900000)
  to   space 38400K, 0% used [0x00000000fd980000,0x00000000fd980000,0x00000000fff00000)
 ParOldGen       total 57856K, used 46694K [0x00000000c1c00000, 0x00000000c5480000, 0x00000000eb400000)
  object space 57856K, 80% used [0x00000000c1c00000,0x00000000c4999b30,0x00000000c5480000)
 Metaspace       used 62915K, capacity 66367K, committed 66456K, reserved 1107968K
  class space    used 8238K, capacity 8782K, committed 8856K, reserved 1048576K
Event: 6793.076 GC heap after
Heap after GC invocations=45 (full 3):
 PSYoungGen      total 300544K, used 28684K [0x00000000eb400000, 0x00000000ffe80000, 0x0000000100000000)
  eden space 262656K, 0% used [0x00000000eb400000,0x00000000eb400000,0x00000000fb480000)
  from space 37888K, 75% used [0x00000000fd980000,0x00000000ff583380,0x00000000ffe80000)
  to   space 37888K, 0% used [0x00000000fb480000,0x00000000fb480000,0x00000000fd980000)
 ParOldGen       total 57856K, used 46718K [0x00000000c1c00000, 0x00000000c5480000, 0x00000000eb400000)
  object space 57856K, 80% used [0x00000000c1c00000,0x00000000c499fb30,0x00000000c5480000)
 Metaspace       used 62915K, capacity 66367K, committed 66456K, reserved 1107968K
  class space    used 8238K, capacity 8782K, committed 8856K, reserved 1048576K
}
Event: 6799.419 GC heap before
{Heap before GC invocations=46 (full 3):
 PSYoungGen      total 300544K, used 291340K [0x00000000eb400000, 0x00000000ffe80000, 0x0000000100000000)
  eden space 262656K, 100% used [0x00000000eb400000,0x00000000fb480000,0x00000000fb480000)
  from space 37888K, 75% used [0x00000000fd980000,0x00000000ff583380,0x00000000ffe80000)
  to   space 37888K, 0% used [0x00000000fb480000,0x00000000fb480000,0x00000000fd980000)
 ParOldGen       total 57856K, used 46718K [0x00000000c1c00000, 0x00000000c5480000, 0x00000000eb400000)
  object space 57856K, 80% used [0x00000000c1c00000,0x00000000c499fb30,0x00000000c5480000)
 Metaspace       used 62915K, capacity 66367K, committed 66456K, reserved 1107968K
  class space    used 8238K, capacity 8782K, committed 8856K, reserved 1048576K
Event: 6799.452 GC heap after
Heap after GC invocations=46 (full 3):
 PSYoungGen      total 300544K, used 28716K [0x00000000eb400000, 0x00000000fff00000, 0x0000000100000000)
  eden space 262656K, 0% used [0x00000000eb400000,0x00000000eb400000,0x00000000fb480000)
  from space 37888K, 75% used [0x00000000fb480000,0x00000000fd08b350,0x00000000fd980000)
  to   space 37376K, 0% used [0x00000000fda80000,0x00000000fda80000,0x00000000fff00000)
 ParOldGen       total 57856K, used 46766K [0x00000000c1c00000, 0x00000000c5480000, 0x00000000eb400000)
  object space 57856K, 80% used [0x00000000c1c00000,0x00000000c49abb30,0x00000000c5480000)
 Metaspace       used 62915K, capacity 66367K, committed 66456K, reserved 1107968K
  class space    used 8238K, capacity 8782K, committed 8856K, reserved 1048576K
}
Event: 6805.465 GC heap before
{Heap before GC invocations=47 (full 3):
 PSYoungGen      total 300544K, used 291372K [0x00000000eb400000, 0x00000000fff00000, 0x0000000100000000)
  eden space 262656K, 100% used [0x00000000eb400000,0x00000000fb480000,0x00000000fb480000)
  from space 37888K, 75% used [0x00000000fb480000,0x00000000fd08b350,0x00000000fd980000)
  to   space 37376K, 0% used [0x00000000fda80000,0x00000000fda80000,0x00000000fff00000)
 ParOldGen       total 57856K, used 46766K [0x00000000c1c00000, 0x00000000c5480000, 0x00000000eb400000)
  object space 57856K, 80% used [0x00000000c1c00000,0x00000000c49abb30,0x00000000c5480000)
 Metaspace       used 62916K, capacity 66367K, committed 66456K, reserved 1107968K
  class space    used 8238K, capacity 8782K, committed 8856K, reserved 1048576K
Event: 6805.494 GC heap after
Heap after GC invocations=47 (full 3):
 PSYoungGen      total 301568K, used 28849K [0x00000000eb400000, 0x00000000ffe80000, 0x0000000100000000)
  eden space 264704K, 0% used [0x00000000eb400000,0x00000000eb400000,0x00000000fb680000)
  from space 36864K, 78% used [0x00000000fda80000,0x00000000ff6ac7f0,0x00000000ffe80000)
  to   space 36864K, 0% used [0x00000000fb680000,0x00000000fb680000,0x00000000fda80000)
 ParOldGen       total 57856K, used 46798K [0x00000000c1c00000, 0x00000000c5480000, 0x00000000eb400000)
  object space 57856K, 80% used [0x00000000c1c00000,0x00000000c49b3b30,0x00000000c5480000)
 Metaspace       used 62916K, capacity 66367K, committed 66456K, reserved 1107968K
  class space    used 8238K, capacity 8782K, committed 8856K, reserved 1048576K
}
Event: 6811.855 GC heap before
{Heap before GC invocations=48 (full 3):
 PSYoungGen      total 301568K, used 293553K [0x00000000eb400000, 0x00000000ffe80000, 0x0000000100000000)
  eden space 264704K, 100% used [0x00000000eb400000,0x00000000fb680000,0x00000000fb680000)
  from space 36864K, 78% used [0x00000000fda80000,0x00000000ff6ac7f0,0x00000000ffe80000)
  to   space 36864K, 0% used [0x00000000fb680000,0x00000000fb680000,0x00000000fda80000)
 ParOldGen       total 57856K, used 46798K [0x00000000c1c00000, 0x00000000c5480000, 0x00000000eb400000)
  object space 57856K, 80% used [0x00000000c1c00000,0x00000000c49b3b30,0x00000000c5480000)
 Metaspace       used 62917K, capacity 66367K, committed 66456K, reserved 1107968K
  class space    used 8238K, capacity 8782K, committed 8856K, reserved 1048576K
Event: 6811.896 GC heap after
Heap after GC invocations=48 (full 3):
 PSYoungGen      total 301568K, used 29249K [0x00000000eb400000, 0x0000000100000000, 0x0000000100000000)
  eden space 264704K, 0% used [0x00000000eb400000,0x00000000eb400000,0x00000000fb680000)
  from space 36864K, 79% used [0x00000000fb680000,0x00000000fd3106e8,0x00000000fda80000)
  to   space 36864K, 0% used [0x00000000fdc00000,0x00000000fdc00000,0x0000000100000000)
 ParOldGen       total 57856K, used 46806K [0x00000000c1c00000, 0x00000000c5480000, 0x00000000eb400000)
  object space 57856K, 80% used [0x00000000c1c00000,0x00000000c49b5b30,0x00000000c5480000)
 Metaspace       used 62917K, capacity 66367K, committed 66456K, reserved 1107968K
  class space    used 8238K, capacity 8782K, committed 8856K, reserved 1048576K
}

