# JRE version: Java(TM) SE Runtime Environment (8.0_241-b07) (build 1.8.0_241-b07)
# Java VM: Java HotSpot(TM) 64-Bit Server VM (25.241-b07 mixed mode windows-amd64 compressed oops)
Heap:
 PSYoungGen      total 304128K, used 43931K [0x00000000eb400000, 0x0000000100000000, 0x0000000100000000)
  eden space 269312K, 5% used [0x00000000eb400000,0x00000000ec18edc0,0x00000000fbb00000)
  from space 34816K, 86% used [0x00000000fbb00000,0x00000000fd858200,0x00000000fdd00000)
  to   space 34816K, 0% used [0x00000000fde00000,0x00000000fde00000,0x0000000100000000)
 ParOldGen       total 79872K, used 27637K [0x00000000c1c00000, 0x00000000c6a00000, 0x00000000eb400000)
  object space 79872K, 34% used [0x00000000c1c00000,0x00000000c36fd568,0x00000000c6a00000)
 Metaspace       used 62139K, capacity 65590K, committed 65816K, reserved 1105920K
  class space    used 8132K, capacity 8687K, committed 8728K, reserved 1048576K
GC Heap History (10 events):
Event: 751.429 GC heap before
{Heap before GC invocations=52 (full 3):
 PSYoungGen      total 302592K, used 295836K [0x00000000eb400000, 0x00000000ffe80000, 0x0000000100000000)
  eden space 266752K, 100% used [0x00000000eb400000,0x00000000fb880000,0x00000000fb880000)
  from space 35840K, 81% used [0x00000000fdb80000,0x00000000ff7e70e8,0x00000000ffe80000)
  to   space 35840K, 0% used [0x00000000fb880000,0x00000000fb880000,0x00000000fdb80000)
 ParOldGen       total 79872K, used 27605K [0x00000000c1c00000, 0x00000000c6a00000, 0x00000000eb400000)
  object space 79872K, 34% used [0x00000000c1c00000,0x00000000c36f5568,0x00000000c6a00000)
 Metaspace       used 62112K, capacity 65460K, committed 65560K, reserved 1105920K
  class space    used 8129K, capacity 8686K, committed 8728K, reserved 1048576K
Event: 751.460 GC heap after
Heap after GC invocations=52 (full 3):
 PSYoungGen      total 302592K, used 29084K [0x00000000eb400000, 0x00000000fff00000, 0x0000000100000000)
  eden space 266752K, 0% used [0x00000000eb400000,0x00000000eb400000,0x00000000fb880000)
  from space 35840K, 81% used [0x00000000fb880000,0x00000000fd4e70e8,0x00000000fdb80000)
  to   space 35328K, 0% used [0x00000000fdc80000,0x00000000fdc80000,0x00000000fff00000)
 ParOldGen       total 79872K, used 27613K [0x00000000c1c00000, 0x00000000c6a00000, 0x00000000eb400000)
  object space 79872K, 34% used [0x00000000c1c00000,0x00000000c36f7568,0x00000000c6a00000)
 Metaspace       used 62112K, capacity 65460K, committed 65560K, reserved 1105920K
  class space    used 8129K, capacity 8686K, committed 8728K, reserved 1048576K
}
Event: 762.859 GC heap before
{Heap before GC invocations=53 (full 3):
 PSYoungGen      total 302592K, used 295836K [0x00000000eb400000, 0x00000000fff00000, 0x0000000100000000)
  eden space 266752K, 100% used [0x00000000eb400000,0x00000000fb880000,0x00000000fb880000)
  from space 35840K, 81% used [0x00000000fb880000,0x00000000fd4e70e8,0x00000000fdb80000)
  to   space 35328K, 0% used [0x00000000fdc80000,0x00000000fdc80000,0x00000000fff00000)
 ParOldGen       total 79872K, used 27613K [0x00000000c1c00000, 0x00000000c6a00000, 0x00000000eb400000)
  object space 79872K, 34% used [0x00000000c1c00000,0x00000000c36f7568,0x00000000c6a00000)
 Metaspace       used 62115K, capacity 65460K, committed 65560K, reserved 1105920K
  class space    used 8129K, capacity 8686K, committed 8728K, reserved 1048576K
Event: 763.088 GC heap after
Heap after GC invocations=53 (full 3):
 PSYoungGen      total 303616K, used 29249K [0x00000000eb400000, 0x00000000fff80000, 0x0000000100000000)
  eden space 268288K, 0% used [0x00000000eb400000,0x00000000eb400000,0x00000000fba00000)
  from space 35328K, 82% used [0x00000000fdc80000,0x00000000ff910588,0x00000000fff00000)
  to   space 35328K, 0% used [0x00000000fba00000,0x00000000fba00000,0x00000000fdc80000)
 ParOldGen       total 79872K, used 27637K [0x00000000c1c00000, 0x00000000c6a00000, 0x00000000eb400000)
  object space 79872K, 34% used [0x00000000c1c00000,0x00000000c36fd568,0x00000000c6a00000)
 Metaspace       used 62115K, capacity 65460K, committed 65560K, reserved 1105920K
  class space    used 8129K, capacity 8686K, committed 8728K, reserved 1048576K
}
Event: 774.201 GC heap before
{Heap before GC invocations=54 (full 3):
 PSYoungGen      total 303616K, used 297537K [0x00000000eb400000, 0x00000000fff80000, 0x0000000100000000)
  eden space 268288K, 100% used [0x00000000eb400000,0x00000000fba00000,0x00000000fba00000)
  from space 35328K, 82% used [0x00000000fdc80000,0x00000000ff910588,0x00000000fff00000)
  to   space 35328K, 0% used [0x00000000fba00000,0x00000000fba00000,0x00000000fdc80000)
 ParOldGen       total 79872K, used 27637K [0x00000000c1c00000, 0x00000000c6a00000, 0x00000000eb400000)
  object space 79872K, 34% used [0x00000000c1c00000,0x00000000c36fd568,0x00000000c6a00000)
 Metaspace       used 62118K, capacity 65460K, committed 65560K, reserved 1105920K
  class space    used 8129K, capacity 8686K, committed 8728K, reserved 1048576K
Event: 774.284 GC heap after
Heap after GC invocations=54 (full 3):
 PSYoungGen      total 303616K, used 29249K [0x00000000eb400000, 0x00000000fff00000, 0x0000000100000000)
  eden space 268288K, 0% used [0x00000000eb400000,0x00000000eb400000,0x00000000fba00000)
  from space 35328K, 82% used [0x00000000fba00000,0x00000000fd690570,0x00000000fdc80000)
  to   space 34816K, 0% used [0x00000000fdd00000,0x00000000fdd00000,0x00000000fff00000)
 ParOldGen       total 79872K, used 27637K [0x00000000c1c00000, 0x00000000c6a00000, 0x00000000eb400000)
  object space 79872K, 34% used [0x00000000c1c00000,0x00000000c36fd568,0x00000000c6a00000)
 Metaspace       used 62118K, capacity 65460K, committed 65560K, reserved 1105920K
  class space    used 8129K, capacity 8686K, committed 8728K, reserved 1048576K
}
Event: 785.206 GC heap before
{Heap before GC invocations=55 (full 3):
 PSYoungGen      total 303616K, used 297537K [0x00000000eb400000, 0x00000000fff00000, 0x0000000100000000)
  eden space 268288K, 100% used [0x00000000eb400000,0x00000000fba00000,0x00000000fba00000)
  from space 35328K, 82% used [0x00000000fba00000,0x00000000fd690570,0x00000000fdc80000)
  to   space 34816K, 0% used [0x00000000fdd00000,0x00000000fdd00000,0x00000000fff00000)
 ParOldGen       total 79872K, used 27637K [0x00000000c1c00000, 0x00000000c6a00000, 0x00000000eb400000)
  object space 79872K, 34% used [0x00000000c1c00000,0x00000000c36fd568,0x00000000c6a00000)
 Metaspace       used 62119K, capacity 65460K, committed 65560K, reserved 1105920K
  class space    used 8129K, capacity 8686K, committed 8728K, reserved 1048576K
Event: 785.343 GC heap after
Heap after GC invocations=55 (full 3):
 PSYoungGen      total 304128K, used 29515K [0x00000000eb400000, 0x00000000fff80000, 0x0000000100000000)
  eden space 269312K, 0% used [0x00000000eb400000,0x00000000eb400000,0x00000000fbb00000)
  from space 34816K, 84% used [0x00000000fdd00000,0x00000000ff9d2e80,0x00000000fff00000)
  to   space 34816K, 0% used [0x00000000fbb00000,0x00000000fbb00000,0x00000000fdd00000)
 ParOldGen       total 79872K, used 27637K [0x00000000c1c00000, 0x00000000c6a00000, 0x00000000eb400000)
  object space 79872K, 34% used [0x00000000c1c00000,0x00000000c36fd568,0x00000000c6a00000)
 Metaspace       used 62119K, capacity 65460K, committed 65560K, reserved 1105920K
  class space    used 8129K, capacity 8686K, committed 8728K, reserved 1048576K
}
Event: 792.170 GC heap before
{Heap before GC invocations=56 (full 3):
 PSYoungGen      total 304128K, used 298704K [0x00000000eb400000, 0x00000000fff80000, 0x0000000100000000)
  eden space 269312K, 99% used [0x00000000eb400000,0x00000000fbae11e0,0x00000000fbb00000)
  from space 34816K, 84% used [0x00000000fdd00000,0x00000000ff9d2e80,0x00000000fff00000)
  to   space 34816K, 0% used [0x00000000fbb00000,0x00000000fbb00000,0x00000000fdd00000)
 ParOldGen       total 79872K, used 27637K [0x00000000c1c00000, 0x00000000c6a00000, 0x00000000eb400000)
  object space 79872K, 34% used [0x00000000c1c00000,0x00000000c36fd568,0x00000000c6a00000)
 Metaspace       used 62130K, capacity 65588K, committed 65816K, reserved 1105920K
  class space    used 8130K, capacity 8686K, committed 8728K, reserved 1048576K
Event: 792.264 GC heap after
Heap after GC invocations=56 (full 3):
 PSYoungGen      total 304128K, used 30048K [0x00000000eb400000, 0x0000000100000000, 0x0000000100000000)
  eden space 269312K, 0% used [0x00000000eb400000,0x00000000eb400000,0x00000000fbb00000)
  from space 34816K, 86% used [0x00000000fbb00000,0x00000000fd858200,0x00000000fdd00000)
  to   space 34816K, 0% used [0x00000000fde00000,0x00000000fde00000,0x0000000100000000)
 ParOldGen       total 79872K, used 27637K [0x00000000c1c00000, 0x00000000c6a00000, 0x00000000eb400000)
  object space 79872K, 34% used [0x00000000c1c00000,0x00000000c36fd568,0x00000000c6a00000)
 Metaspace       used 62130K, capacity 65588K, committed 65816K, reserved 1105920K
  class space    used 8130K, capacity 8686K, committed 8728K, reserved 1048576K
}

